#! /c/Source/iverilog-install/bin/vvp
:ivl_version "12.0 (devel)" "(s20150603-1539-g2693dd32b)";
:ivl_delay_selection "TYPICAL";
:vpi_time_precision + 0;
:vpi_module "C:\iverilog\lib\ivl\system.vpi";
:vpi_module "C:\iverilog\lib\ivl\vhdl_sys.vpi";
:vpi_module "C:\iverilog\lib\ivl\vhdl_textio.vpi";
:vpi_module "C:\iverilog\lib\ivl\v2005_math.vpi";
:vpi_module "C:\iverilog\lib\ivl\va_math.vpi";
S_0000028d16114c60 .scope module, "timer_tb" "timer_tb" 2 40;
 .timescale 0 0;
v0000028d1617aaf0_0 .var "clk", 0 0;
v0000028d1617ba90_0 .net "count0", 31 0, v0000028d161125a0_0;  1 drivers
v0000028d1617acd0_0 .net "count1", 31 0, v0000028d16111ec0_0;  1 drivers
v0000028d1617b090_0 .net "count2", 31 0, v0000028d16112280_0;  1 drivers
v0000028d1617c0d0_0 .net "count3", 31 0, v0000028d1617b6d0_0;  1 drivers
v0000028d1617b630_0 .net "count4", 63 0, v0000028d1617b810_0;  1 drivers
v0000028d1617b1d0_0 .var "en", 4 0;
v0000028d1617ad70_0 .net "irq0", 0 0, v0000028d16111e20_0;  1 drivers
v0000028d1617bd10_0 .net "irq1", 0 0, v0000028d161121e0_0;  1 drivers
v0000028d1617a690_0 .net "irq2", 0 0, v0000028d16112320_0;  1 drivers
v0000028d1617a410_0 .net "irq3", 0 0, v0000028d1617b450_0;  1 drivers
v0000028d1617ae10_0 .net "irq4", 0 0, v0000028d1617aff0_0;  1 drivers
v0000028d1617a9b0_0 .var "oneshot", 4 0;
v0000028d1617c170_0 .var "rst", 0 0;
L_0000028d1617a2d0 .part v0000028d1617b1d0_0, 0, 1;
L_0000028d1617ac30 .part v0000028d1617a9b0_0, 0, 1;
L_0000028d1617aeb0 .part v0000028d1617b1d0_0, 1, 1;
L_0000028d1617a870 .part v0000028d1617a9b0_0, 1, 1;
L_0000028d1617be50 .part v0000028d1617b1d0_0, 2, 1;
L_0000028d1617b9f0 .part v0000028d1617a9b0_0, 2, 1;
L_0000028d1617a4b0 .part v0000028d1617b1d0_0, 3, 1;
L_0000028d1617b8b0 .part v0000028d1617a9b0_0, 3, 1;
L_0000028d1617a730 .part v0000028d1617b1d0_0, 4, 1;
L_0000028d1617bb30 .part v0000028d1617a9b0_0, 4, 1;
S_0000028d1624df50 .scope module, "timer0" "timer" 2 53, 2 4 0, S_0000028d16114c60;
 .timescale 0 0;
    .port_info 0 /INPUT 1 "clk";
    .port_info 1 /INPUT 1 "rst";
    .port_info 2 /INPUT 1 "en";
    .port_info 3 /INPUT 1 "oneshot";
    .port_info 4 /INPUT 32 "compare_val";
    .port_info 5 /OUTPUT 32 "count";
    .port_info 6 /OUTPUT 1 "irq";
P_0000028d161110d0 .param/l "WIDTH" 0 2 4, +C4<00000000000000000000000000100000>;
v0000028d161123c0_0 .net "clk", 0 0, v0000028d1617aaf0_0;  1 drivers
L_0000028d1617c5b8 .functor BUFT 1, C4<00000000000000000000000000001010>, C4<0>, C4<0>, C4<0>;
v0000028d16112d20_0 .net "compare_val", 31 0, L_0000028d1617c5b8;  1 drivers
v0000028d161125a0_0 .var "count", 31 0;
v0000028d16111f60_0 .net "en", 0 0, L_0000028d1617a2d0;  1 drivers
v0000028d16111e20_0 .var "irq", 0 0;
v0000028d16112640_0 .net "oneshot", 0 0, L_0000028d1617ac30;  1 drivers
v0000028d161126e0_0 .net "rst", 0 0, v0000028d1617c170_0;  1 drivers
E_0000028d161118d0 .event posedge, v0000028d161126e0_0, v0000028d161123c0_0;
S_0000028d1624e0e0 .scope module, "timer1" "timer" 2 54, 2 4 0, S_0000028d16114c60;
 .timescale 0 0;
    .port_info 0 /INPUT 1 "clk";
    .port_info 1 /INPUT 1 "rst";
    .port_info 2 /INPUT 1 "en";
    .port_info 3 /INPUT 1 "oneshot";
    .port_info 4 /INPUT 32 "compare_val";
    .port_info 5 /OUTPUT 32 "count";
    .port_info 6 /OUTPUT 1 "irq";
P_0000028d161112d0 .param/l "WIDTH" 0 2 4, +C4<00000000000000000000000000100000>;
v0000028d16112820_0 .net "clk", 0 0, v0000028d1617aaf0_0;  alias, 1 drivers
L_0000028d1617c600 .functor BUFT 1, C4<00000000000000000000000000010100>, C4<0>, C4<0>, C4<0>;
v0000028d16112000_0 .net "compare_val", 31 0, L_0000028d1617c600;  1 drivers
v0000028d16111ec0_0 .var "count", 31 0;
v0000028d16112140_0 .net "en", 0 0, L_0000028d1617aeb0;  1 drivers
v0000028d161121e0_0 .var "irq", 0 0;
v0000028d16112780_0 .net "oneshot", 0 0, L_0000028d1617a870;  1 drivers
v0000028d161128c0_0 .net "rst", 0 0, v0000028d1617c170_0;  alias, 1 drivers
S_0000028d1617a0f0 .scope module, "timer2" "timer" 2 55, 2 4 0, S_0000028d16114c60;
 .timescale 0 0;
    .port_info 0 /INPUT 1 "clk";
    .port_info 1 /INPUT 1 "rst";
    .port_info 2 /INPUT 1 "en";
    .port_info 3 /INPUT 1 "oneshot";
    .port_info 4 /INPUT 32 "compare_val";
    .port_info 5 /OUTPUT 32 "count";
    .port_info 6 /OUTPUT 1 "irq";
P_0000028d16111810 .param/l "WIDTH" 0 2 4, +C4<00000000000000000000000000100000>;
v0000028d16112960_0 .net "clk", 0 0, v0000028d1617aaf0_0;  alias, 1 drivers
L_0000028d1617c648 .functor BUFT 1, C4<00000000000000000000000000011110>, C4<0>, C4<0>, C4<0>;
v0000028d16112be0_0 .net "compare_val", 31 0, L_0000028d1617c648;  1 drivers
v0000028d16112280_0 .var "count", 31 0;
v0000028d161120a0_0 .net "en", 0 0, L_0000028d1617be50;  1 drivers
v0000028d16112320_0 .var "irq", 0 0;
v0000028d1617a370_0 .net "oneshot", 0 0, L_0000028d1617b9f0;  1 drivers
v0000028d1617b770_0 .net "rst", 0 0, v0000028d1617c170_0;  alias, 1 drivers
S_0000028d1617c290 .scope module, "timer3" "timer" 2 56, 2 4 0, S_0000028d16114c60;
 .timescale 0 0;
    .port_info 0 /INPUT 1 "clk";
    .port_info 1 /INPUT 1 "rst";
    .port_info 2 /INPUT 1 "en";
    .port_info 3 /INPUT 1 "oneshot";
    .port_info 4 /INPUT 32 "compare_val";
    .port_info 5 /OUTPUT 32 "count";
    .port_info 6 /OUTPUT 1 "irq";
P_0000028d16110d50 .param/l "WIDTH" 0 2 4, +C4<00000000000000000000000000100000>;
v0000028d1617bbd0_0 .net "clk", 0 0, v0000028d1617aaf0_0;  alias, 1 drivers
L_0000028d1617c690 .functor BUFT 1, C4<00000000000000000000000000101000>, C4<0>, C4<0>, C4<0>;
v0000028d1617bef0_0 .net "compare_val", 31 0, L_0000028d1617c690;  1 drivers
v0000028d1617b6d0_0 .var "count", 31 0;
v0000028d1617b270_0 .net "en", 0 0, L_0000028d1617a4b0;  1 drivers
v0000028d1617b450_0 .var "irq", 0 0;
v0000028d1617a5f0_0 .net "oneshot", 0 0, L_0000028d1617b8b0;  1 drivers
v0000028d1617a7d0_0 .net "rst", 0 0, v0000028d1617c170_0;  alias, 1 drivers
S_0000028d1617c420 .scope module, "timer4" "timer" 2 59, 2 4 0, S_0000028d16114c60;
 .timescale 0 0;
    .port_info 0 /INPUT 1 "clk";
    .port_info 1 /INPUT 1 "rst";
    .port_info 2 /INPUT 1 "en";
    .port_info 3 /INPUT 1 "oneshot";
    .port_info 4 /INPUT 64 "compare_val";
    .port_info 5 /OUTPUT 64 "count";
    .port_info 6 /OUTPUT 1 "irq";
P_0000028d16110b10 .param/l "WIDTH" 0 2 4, +C4<00000000000000000000000001000000>;
v0000028d1617b590_0 .net "clk", 0 0, v0000028d1617aaf0_0;  alias, 1 drivers
L_0000028d1617c6d8 .functor BUFT 1, C4<0000000000000000000000000000000000000000000000000000000001100100>, C4<0>, C4<0>, C4<0>;
v0000028d1617bf90_0 .net "compare_val", 63 0, L_0000028d1617c6d8;  1 drivers
v0000028d1617b810_0 .var "count", 63 0;
v0000028d1617a910_0 .net "en", 0 0, L_0000028d1617a730;  1 drivers
v0000028d1617aff0_0 .var "irq", 0 0;
v0000028d1617a550_0 .net "oneshot", 0 0, L_0000028d1617bb30;  1 drivers
v0000028d1617c030_0 .net "rst", 0 0, v0000028d1617c170_0;  alias, 1 drivers
    .scope S_0000028d1624df50;
T_0 ;
    %wait E_0000028d161118d0;
    %load/vec4 v0000028d161126e0_0;
    %flag_set/vec4 8;
    %jmp/0xz  T_0.0, 8;
    %pushi/vec4 0, 0, 32;
    %assign/vec4 v0000028d161125a0_0, 0;
    %pushi/vec4 0, 0, 1;
    %assign/vec4 v0000028d16111e20_0, 0;
    %jmp T_0.1;
T_0.0 ;
    %load/vec4 v0000028d16111f60_0;
    %flag_set/vec4 8;
    %jmp/0xz  T_0.2, 8;
    %load/vec4 v0000028d16112d20_0;
    %load/vec4 v0000028d161125a0_0;
    %addi 1, 0, 32;
    %cmp/u;
    %flag_or 5, 4;
    %jmp/0xz  T_0.4, 5;
    %pushi/vec4 1, 0, 1;
    %assign/vec4 v0000028d16111e20_0, 0;
    %load/vec4 v0000028d16112640_0;
    %flag_set/vec4 8;
    %jmp/0xz  T_0.6, 8;
    %load/vec4 v0000028d161125a0_0;
    %assign/vec4 v0000028d161125a0_0, 0;
    %jmp T_0.7;
T_0.6 ;
    %pushi/vec4 0, 0, 32;
    %assign/vec4 v0000028d161125a0_0, 0;
T_0.7 ;
    %jmp T_0.5;
T_0.4 ;
    %load/vec4 v0000028d161125a0_0;
    %addi 1, 0, 32;
    %assign/vec4 v0000028d161125a0_0, 0;
    %pushi/vec4 0, 0, 1;
    %assign/vec4 v0000028d16111e20_0, 0;
T_0.5 ;
    %jmp T_0.3;
T_0.2 ;
    %pushi/vec4 0, 0, 1;
    %assign/vec4 v0000028d16111e20_0, 0;
T_0.3 ;
T_0.1 ;
    %jmp T_0;
    .thread T_0;
    .scope S_0000028d1624e0e0;
T_1 ;
    %wait E_0000028d161118d0;
    %load/vec4 v0000028d161128c0_0;
    %flag_set/vec4 8;
    %jmp/0xz  T_1.0, 8;
    %pushi/vec4 0, 0, 32;
    %assign/vec4 v0000028d16111ec0_0, 0;
    %pushi/vec4 0, 0, 1;
    %assign/vec4 v0000028d161121e0_0, 0;
    %jmp T_1.1;
T_1.0 ;
    %load/vec4 v0000028d16112140_0;
    %flag_set/vec4 8;
    %jmp/0xz  T_1.2, 8;
    %load/vec4 v0000028d16112000_0;
    %load/vec4 v0000028d16111ec0_0;
    %addi 1, 0, 32;
    %cmp/u;
    %flag_or 5, 4;
    %jmp/0xz  T_1.4, 5;
    %pushi/vec4 1, 0, 1;
    %assign/vec4 v0000028d161121e0_0, 0;
    %load/vec4 v0000028d16112780_0;
    %flag_set/vec4 8;
    %jmp/0xz  T_1.6, 8;
    %load/vec4 v0000028d16111ec0_0;
    %assign/vec4 v0000028d16111ec0_0, 0;
    %jmp T_1.7;
T_1.6 ;
    %pushi/vec4 0, 0, 32;
    %assign/vec4 v0000028d16111ec0_0, 0;
T_1.7 ;
    %jmp T_1.5;
T_1.4 ;
    %load/vec4 v0000028d16111ec0_0;
    %addi 1, 0, 32;
    %assign/vec4 v0000028d16111ec0_0, 0;
    %pushi/vec4 0, 0, 1;
    %assign/vec4 v0000028d161121e0_0, 0;
T_1.5 ;
    %jmp T_1.3;
T_1.2 ;
    %pushi/vec4 0, 0, 1;
    %assign/vec4 v0000028d161121e0_0, 0;
T_1.3 ;
T_1.1 ;
    %jmp T_1;
    .thread T_1;
    .scope S_0000028d1617a0f0;
T_2 ;
    %wait E_0000028d161118d0;
    %load/vec4 v0000028d1617b770_0;
    %flag_set/vec4 8;
    %jmp/0xz  T_2.0, 8;
    %pushi/vec4 0, 0, 32;
    %assign/vec4 v0000028d16112280_0, 0;
    %pushi/vec4 0, 0, 1;
    %assign/vec4 v0000028d16112320_0, 0;
    %jmp T_2.1;
T_2.0 ;
    %load/vec4 v0000028d161120a0_0;
    %flag_set/vec4 8;
    %jmp/0xz  T_2.2, 8;
    %load/vec4 v0000028d16112be0_0;
    %load/vec4 v0000028d16112280_0;
    %addi 1, 0, 32;
    %cmp/u;
    %flag_or 5, 4;
    %jmp/0xz  T_2.4, 5;
    %pushi/vec4 1, 0, 1;
    %assign/vec4 v0000028d16112320_0, 0;
    %load/vec4 v0000028d1617a370_0;
    %flag_set/vec4 8;
    %jmp/0xz  T_2.6, 8;
    %load/vec4 v0000028d16112280_0;
    %assign/vec4 v0000028d16112280_0, 0;
    %jmp T_2.7;
T_2.6 ;
    %pushi/vec4 0, 0, 32;
    %assign/vec4 v0000028d16112280_0, 0;
T_2.7 ;
    %jmp T_2.5;
T_2.4 ;
    %load/vec4 v0000028d16112280_0;
    %addi 1, 0, 32;
    %assign/vec4 v0000028d16112280_0, 0;
    %pushi/vec4 0, 0, 1;
    %assign/vec4 v0000028d16112320_0, 0;
T_2.5 ;
    %jmp T_2.3;
T_2.2 ;
    %pushi/vec4 0, 0, 1;
    %assign/vec4 v0000028d16112320_0, 0;
T_2.3 ;
T_2.1 ;
    %jmp T_2;
    .thread T_2;
    .scope S_0000028d1617c290;
T_3 ;
    %wait E_0000028d161118d0;
    %load/vec4 v0000028d1617a7d0_0;
    %flag_set/vec4 8;
    %jmp/0xz  T_3.0, 8;
    %pushi/vec4 0, 0, 32;
    %assign/vec4 v0000028d1617b6d0_0, 0;
    %pushi/vec4 0, 0, 1;
    %assign/vec4 v0000028d1617b450_0, 0;
    %jmp T_3.1;
T_3.0 ;
    %load/vec4 v0000028d1617b270_0;
    %flag_set/vec4 8;
    %jmp/0xz  T_3.2, 8;
    %load/vec4 v0000028d1617bef0_0;
    %load/vec4 v0000028d1617b6d0_0;
    %addi 1, 0, 32;
    %cmp/u;
    %flag_or 5, 4;
    %jmp/0xz  T_3.4, 5;
    %pushi/vec4 1, 0, 1;
    %assign/vec4 v0000028d1617b450_0, 0;
    %load/vec4 v0000028d1617a5f0_0;
    %flag_set/vec4 8;
    %jmp/0xz  T_3.6, 8;
    %load/vec4 v0000028d1617b6d0_0;
    %assign/vec4 v0000028d1617b6d0_0, 0;
    %jmp T_3.7;
T_3.6 ;
    %pushi/vec4 0, 0, 32;
    %assign/vec4 v0000028d1617b6d0_0, 0;
T_3.7 ;
    %jmp T_3.5;
T_3.4 ;
    %load/vec4 v0000028d1617b6d0_0;
    %addi 1, 0, 32;
    %assign/vec4 v0000028d1617b6d0_0, 0;
    %pushi/vec4 0, 0, 1;
    %assign/vec4 v0000028d1617b450_0, 0;
T_3.5 ;
    %jmp T_3.3;
T_3.2 ;
    %pushi/vec4 0, 0, 1;
    %assign/vec4 v0000028d1617b450_0, 0;
T_3.3 ;
T_3.1 ;
    %jmp T_3;
    .thread T_3;
    .scope S_0000028d1617c420;
T_4 ;
    %wait E_0000028d161118d0;
    %load/vec4 v0000028d1617c030_0;
    %flag_set/vec4 8;
    %jmp/0xz  T_4.0, 8;
    %pushi/vec4 0, 0, 64;
    %assign/vec4 v0000028d1617b810_0, 0;
    %pushi/vec4 0, 0, 1;
    %assign/vec4 v0000028d1617aff0_0, 0;
    %jmp T_4.1;
T_4.0 ;
    %load/vec4 v0000028d1617a910_0;
    %flag_set/vec4 8;
    %jmp/0xz  T_4.2, 8;
    %load/vec4 v0000028d1617bf90_0;
    %load/vec4 v0000028d1617b810_0;
    %addi 1, 0, 64;
    %cmp/u;
    %flag_or 5, 4;
    %jmp/0xz  T_4.4, 5;
    %pushi/vec4 1, 0, 1;
    %assign/vec4 v0000028d1617aff0_0, 0;
    %load/vec4 v0000028d1617a550_0;
    %flag_set/vec4 8;
    %jmp/0xz  T_4.6, 8;
    %load/vec4 v0000028d1617b810_0;
    %assign/vec4 v0000028d1617b810_0, 0;
    %jmp T_4.7;
T_4.6 ;
    %pushi/vec4 0, 0, 64;
    %assign/vec4 v0000028d1617b810_0, 0;
T_4.7 ;
    %jmp T_4.5;
T_4.4 ;
    %load/vec4 v0000028d1617b810_0;
    %addi 1, 0, 64;
    %assign/vec4 v0000028d1617b810_0, 0;
    %pushi/vec4 0, 0, 1;
    %assign/vec4 v0000028d1617aff0_0, 0;
T_4.5 ;
    %jmp T_4.3;
T_4.2 ;
    %pushi/vec4 0, 0, 1;
    %assign/vec4 v0000028d1617aff0_0, 0;
T_4.3 ;
T_4.1 ;
    %jmp T_4;
    .thread T_4;
    .scope S_0000028d16114c60;
T_5 ;
    %pushi/vec4 0, 0, 1;
    %store/vec4 v0000028d1617aaf0_0, 0, 1;
T_5.0 ;
    %delay 5, 0;
    %load/vec4 v0000028d1617aaf0_0;
    %inv;
    %store/vec4 v0000028d1617aaf0_0, 0, 1;
    %jmp T_5.0;
    %end;
    .thread T_5;
    .scope S_0000028d16114c60;
T_6 ;
    %vpi_call 2 69 "$dumpfile", "timer_tb.vcd" {0 0 0};
    %vpi_call 2 70 "$dumpvars", 32'sb00000000000000000000000000000000, S_0000028d16114c60 {0 0 0};
    %pushi/vec4 1, 0, 1;
    %store/vec4 v0000028d1617c170_0, 0, 1;
    %pushi/vec4 0, 0, 5;
    %store/vec4 v0000028d1617b1d0_0, 0, 5;
    %pushi/vec4 0, 0, 5;
    %store/vec4 v0000028d1617a9b0_0, 0, 5;
    %delay 20, 0;
    %pushi/vec4 0, 0, 1;
    %store/vec4 v0000028d1617c170_0, 0, 1;
    %pushi/vec4 31, 0, 5;
    %store/vec4 v0000028d1617b1d0_0, 0, 5;
    %pushi/vec4 10, 0, 5;
    %store/vec4 v0000028d1617a9b0_0, 0, 5;
    %delay 500, 0;
    %pushi/vec4 0, 0, 5;
    %store/vec4 v0000028d1617b1d0_0, 0, 5;
    %delay 50, 0;
    %vpi_call 2 83 "$finish" {0 0 0};
    %end;
    .thread T_6;
# The file index is used to find the file name in the following table.
:file_names 3;
    "N/A";
    "<interactive>";
    "timer.v";
